# JRE version: OpenJDK Runtime Environment (8.0_152-b01) (build 1.8.0_152-release-1343-b01)
# Java VM: OpenJDK 64-Bit Server VM (25.152-b01 mixed mode windows-amd64 compressed oops)
Heap:
 PSYoungGen      total 156672K, used 14452K [0x00000000e0000000, 0x00000000eb180000, 0x0000000100000000)
  eden space 144896K, 9% used [0x00000000e0000000,0x00000000e0e1d070,0x00000000e8d80000)
  from space 11776K, 0% used [0x00000000e9d80000,0x00000000e9d80000,0x00000000ea900000)
  to   space 16384K, 0% used [0x00000000e8d80000,0x00000000e8d80000,0x00000000e9d80000)
 ParOldGen       total 87040K, used 31663K [0x00000000a0000000, 0x00000000a5500000, 0x00000000e0000000)
  object space 87040K, 36% used [0x00000000a0000000,0x00000000a1eebd80,0x00000000a5500000)
 Metaspace       used 73590K, capacity 75524K, committed 76440K, reserved 1118208K
  class space    used 9807K, capacity 10219K, committed 10408K, reserved 1048576K
GC Heap History (10 events):
Event: 34.736 GC heap before
{Heap before GC invocations=20 (full 4):
 PSYoungGen      total 156672K, used 11748K [0x00000000e0000000, 0x00000000eb180000, 0x0000000100000000)
  eden space 144896K, 0% used [0x00000000e0000000,0x00000000e0000000,0x00000000e8d80000)
  from space 11776K, 99% used [0x00000000e9d80000,0x00000000ea8f9090,0x00000000ea900000)
  to   space 16384K, 0% used [0x00000000e8d80000,0x00000000e8d80000,0x00000000e9d80000)
 ParOldGen       total 87040K, used 43417K [0x00000000a0000000, 0x00000000a5500000, 0x00000000e0000000)
  object space 87040K, 49% used [0x00000000a0000000,0x00000000a2a66558,0x00000000a5500000)
 Metaspace       used 73553K, capacity 75840K, committed 75928K, reserved 1120256K
  class space    used 9880K, capacity 10373K, committed 10408K, reserved 1048576K
Event: 34.928 GC heap after
Heap after GC invocations=20 (full 4):
 PSYoungGen      total 156672K, used 0K [0x00000000e0000000, 0x00000000eb180000, 0x0000000100000000)
  eden space 144896K, 0% used [0x00000000e0000000,0x00000000e0000000,0x00000000e8d80000)
  from space 11776K, 0% used [0x00000000e9d80000,0x00000000e9d80000,0x00000000ea900000)
  to   space 16384K, 0% used [0x00000000e8d80000,0x00000000e8d80000,0x00000000e9d80000)
 ParOldGen       total 87040K, used 47196K [0x00000000a0000000, 0x00000000a5500000, 0x00000000e0000000)
  object space 87040K, 54% used [0x00000000a0000000,0x00000000a2e17308,0x00000000a5500000)
 Metaspace       used 73505K, capacity 75704K, committed 75928K, reserved 1118208K
  class space    used 9864K, capacity 10345K, committed 10408K, reserved 1048576K
}
Event: 34.957 GC heap before
{Heap before GC invocations=21 (full 4):
 PSYoungGen      total 156672K, used 1098K [0x00000000e0000000, 0x00000000eb180000, 0x0000000100000000)
  eden space 144896K, 0% used [0x00000000e0000000,0x00000000e0112908,0x00000000e8d80000)
  from space 11776K, 0% used [0x00000000e9d80000,0x00000000e9d80000,0x00000000ea900000)
  to   space 16384K, 0% used [0x00000000e8d80000,0x00000000e8d80000,0x00000000e9d80000)
 ParOldGen       total 87040K, used 47196K [0x00000000a0000000, 0x00000000a5500000, 0x00000000e0000000)
  object space 87040K, 54% used [0x00000000a0000000,0x00000000a2e17308,0x00000000a5500000)
 Metaspace       used 73507K, capacity 75704K, committed 75928K, reserved 1122304K
  class space    used 9864K, capacity 10345K, committed 10408K, reserved 1048576K
Event: 34.960 GC heap after
Heap after GC invocations=21 (full 4):
 PSYoungGen      total 161280K, used 224K [0x00000000e0000000, 0x00000000eb180000, 0x0000000100000000)
  eden space 144896K, 0% used [0x00000000e0000000,0x00000000e0000000,0x00000000e8d80000)
  from space 16384K, 1% used [0x00000000e8d80000,0x00000000e8db8000,0x00000000e9d80000)
  to   space 11776K, 0% used [0x00000000e9d80000,0x00000000e9d80000,0x00000000ea900000)
 ParOldGen       total 87040K, used 47196K [0x00000000a0000000, 0x00000000a5500000, 0x00000000e0000000)
  object space 87040K, 54% used [0x00000000a0000000,0x00000000a2e17308,0x00000000a5500000)
 Metaspace       used 73507K, capacity 75704K, committed 75928K, reserved 1122304K
  class space    used 9864K, capacity 10345K, committed 10408K, reserved 1048576K
}
Event: 34.960 GC heap before
{Heap before GC invocations=22 (full 5):
 PSYoungGen      total 161280K, used 224K [0x00000000e0000000, 0x00000000eb180000, 0x0000000100000000)
  eden space 144896K, 0% used [0x00000000e0000000,0x00000000e0000000,0x00000000e8d80000)
  from space 16384K, 1% used [0x00000000e8d80000,0x00000000e8db8000,0x00000000e9d80000)
  to   space 11776K, 0% used [0x00000000e9d80000,0x00000000e9d80000,0x00000000ea900000)
 ParOldGen       total 87040K, used 47196K [0x00000000a0000000, 0x00000000a5500000, 0x00000000e0000000)
  object space 87040K, 54% used [0x00000000a0000000,0x00000000a2e17308,0x00000000a5500000)
 Metaspace       used 73507K, capacity 75704K, committed 75928K, reserved 1122304K
  class space    used 9864K, capacity 10345K, committed 10408K, reserved 1048576K
Event: 35.079 GC heap after
Heap after GC invocations=22 (full 5):
 PSYoungGen      total 161280K, used 0K [0x00000000e0000000, 0x00000000eb180000, 0x0000000100000000)
  eden space 144896K, 0% used [0x00000000e0000000,0x00000000e0000000,0x00000000e8d80000)
  from space 16384K, 0% used [0x00000000e8d80000,0x00000000e8d80000,0x00000000e9d80000)
  to   space 11776K, 0% used [0x00000000e9d80000,0x00000000e9d80000,0x00000000ea900000)
 ParOldGen       total 87040K, used 38697K [0x00000000a0000000, 0x00000000a5500000, 0x00000000e0000000)
  object space 87040K, 44% used [0x00000000a0000000,0x00000000a25ca468,0x00000000a5500000)
 Metaspace       used 73507K, capacity 75704K, committed 75928K, reserved 1118208K
  class space    used 9864K, capacity 10345K, committed 10408K, reserved 1048576K
}
Event: 35.079 GC heap before
{Heap before GC invocations=23 (full 5):
 PSYoungGen      total 161280K, used 0K [0x00000000e0000000, 0x00000000eb180000, 0x0000000100000000)
  eden space 144896K, 0% used [0x00000000e0000000,0x00000000e0000000,0x00000000e8d80000)
  from space 16384K, 0% used [0x00000000e8d80000,0x00000000e8d80000,0x00000000e9d80000)
  to   space 11776K, 0% used [0x00000000e9d80000,0x00000000e9d80000,0x00000000ea900000)
 ParOldGen       total 87040K, used 38697K [0x00000000a0000000, 0x00000000a5500000, 0x00000000e0000000)
  object space 87040K, 44% used [0x00000000a0000000,0x00000000a25ca468,0x00000000a5500000)
 Metaspace       used 73507K, capacity 75704K, committed 75928K, reserved 1122304K
  class space    used 9864K, capacity 10345K, committed 10408K, reserved 1048576K
Event: 35.082 GC heap after
Heap after GC invocations=23 (full 5):
 PSYoungGen      total 156672K, used 0K [0x00000000e0000000, 0x00000000eb180000, 0x0000000100000000)
  eden space 144896K, 0% used [0x00000000e0000000,0x00000000e0000000,0x00000000e8d80000)
  from space 11776K, 0% used [0x00000000e9d80000,0x00000000e9d80000,0x00000000ea900000)
  to   space 16384K, 0% used [0x00000000e8d80000,0x00000000e8d80000,0x00000000e9d80000)
 ParOldGen       total 87040K, used 38697K [0x00000000a0000000, 0x00000000a5500000, 0x00000000e0000000)
  object space 87040K, 44% used [0x00000000a0000000,0x00000000a25ca468,0x00000000a5500000)
 Metaspace       used 73507K, capacity 75704K, committed 75928K, reserved 1122304K
  class space    used 9864K, capacity 10345K, committed 10408K, reserved 1048576K
}
Event: 35.082 GC heap before
{Heap before GC invocations=24 (full 6):
 PSYoungGen      total 156672K, used 0K [0x00000000e0000000, 0x00000000eb180000, 0x0000000100000000)
  eden space 144896K, 0% used [0x00000000e0000000,0x00000000e0000000,0x00000000e8d80000)
  from space 11776K, 0% used [0x00000000e9d80000,0x00000000e9d80000,0x00000000ea900000)
  to   space 16384K, 0% used [0x00000000e8d80000,0x00000000e8d80000,0x00000000e9d80000)
 ParOldGen       total 87040K, used 38697K [0x00000000a0000000, 0x00000000a5500000, 0x00000000e0000000)
  object space 87040K, 44% used [0x00000000a0000000,0x00000000a25ca468,0x00000000a5500000)
 Metaspace       used 73507K, capacity 75704K, committed 75928K, reserved 1122304K
  class space    used 9864K, capacity 10345K, committed 10408K, reserved 1048576K
Event: 35.357 GC heap after
Heap after GC invocations=24 (full 6):
 PSYoungGen      total 156672K, used 0K [0x00000000e0000000, 0x00000000eb180000, 0x0000000100000000)
  eden space 144896K, 0% used [0x00000000e0000000,0x00000000e0000000,0x00000000e8d80000)
  from space 11776K, 0% used [0x00000000e9d80000,0x00000000e9d80000,0x00000000ea900000)
  to   space 16384K, 0% used [0x00000000e8d80000,0x00000000e8d80000,0x00000000e9d80000)
 ParOldGen       total 87040K, used 31663K [0x00000000a0000000, 0x00000000a5500000, 0x00000000e0000000)
  object space 87040K, 36% used [0x00000000a0000000,0x00000000a1eebd80,0x00000000a5500000)
 Metaspace       used 73103K, capacity 75026K, committed 75928K, reserved 1118208K
  class space    used 9793K, capacity 10212K, committed 10408K, reserved 1048576K
}

