# JRE version: OpenJDK Runtime Environment (8.0_152-b01) (build 1.8.0_152-release-1343-b01)
# Java VM: OpenJDK 64-Bit Server VM (25.152-b01 mixed mode windows-amd64 compressed oops)
Heap:
 PSYoungGen      total 132608K, used 110365K [0x00000000e0000000, 0x00000000eb080000, 0x0000000100000000)
  eden space 120832K, 91% used [0x00000000e0000000,0x00000000e6bc7718,0x00000000e7600000)
  from space 11776K, 0% used [0x00000000e8200000,0x00000000e8200000,0x00000000e8d80000)
  to   space 12288K, 0% used [0x00000000e7600000,0x00000000e7600000,0x00000000e8200000)
 ParOldGen       total 58368K, used 15679K [0x00000000a0000000, 0x00000000a3900000, 0x00000000e0000000)
  object space 58368K, 26% used [0x00000000a0000000,0x00000000a0f4fd50,0x00000000a3900000)
 Metaspace       used 45211K, capacity 46180K, committed 46376K, reserved 1089536K
  class space    used 6106K, capacity 6377K, committed 6440K, reserved 1048576K
GC Heap History (10 events):
Event: 3.924 GC heap before
{Heap before GC invocations=8 (full 1):
 PSYoungGen      total 69632K, used 7150K [0x00000000e0000000, 0x00000000e8d00000, 0x0000000100000000)
  eden space 62464K, 0% used [0x00000000e0000000,0x00000000e0000000,0x00000000e3d00000)
  from space 7168K, 99% used [0x00000000e3d00000,0x00000000e43fba60,0x00000000e4400000)
  to   space 9728K, 0% used [0x00000000e8380000,0x00000000e8380000,0x00000000e8d00000)
 ParOldGen       total 42496K, used 8111K [0x00000000a0000000, 0x00000000a2980000, 0x00000000e0000000)
  object space 42496K, 19% used [0x00000000a0000000,0x00000000a07ebc50,0x00000000a2980000)
 Metaspace       used 20675K, capacity 21118K, committed 21296K, reserved 1067008K
  class space    used 2902K, capacity 3087K, committed 3200K, reserved 1048576K
Event: 3.978 GC heap after
Heap after GC invocations=8 (full 1):
 PSYoungGen      total 69632K, used 0K [0x00000000e0000000, 0x00000000e8d00000, 0x0000000100000000)
  eden space 62464K, 0% used [0x00000000e0000000,0x00000000e0000000,0x00000000e3d00000)
  from space 7168K, 0% used [0x00000000e3d00000,0x00000000e3d00000,0x00000000e4400000)
  to   space 9728K, 0% used [0x00000000e8380000,0x00000000e8380000,0x00000000e8d00000)
 ParOldGen       total 37888K, used 10805K [0x00000000a0000000, 0x00000000a2500000, 0x00000000e0000000)
  object space 37888K, 28% used [0x00000000a0000000,0x00000000a0a8d6f0,0x00000000a2500000)
 Metaspace       used 20675K, capacity 21118K, committed 21296K, reserved 1067008K
  class space    used 2902K, capacity 3087K, committed 3200K, reserved 1048576K
}
Event: 4.995 GC heap before
{Heap before GC invocations=9 (full 1):
 PSYoungGen      total 69632K, used 62464K [0x00000000e0000000, 0x00000000e8d00000, 0x0000000100000000)
  eden space 62464K, 100% used [0x00000000e0000000,0x00000000e3d00000,0x00000000e3d00000)
  from space 7168K, 0% used [0x00000000e3d00000,0x00000000e3d00000,0x00000000e4400000)
  to   space 9728K, 0% used [0x00000000e8380000,0x00000000e8380000,0x00000000e8d00000)
 ParOldGen       total 37888K, used 10805K [0x00000000a0000000, 0x00000000a2500000, 0x00000000e0000000)
  object space 37888K, 28% used [0x00000000a0000000,0x00000000a0a8d6f0,0x00000000a2500000)
 Metaspace       used 28520K, capacity 29036K, committed 29184K, reserved 1075200K
  class space    used 3844K, capacity 4032K, committed 4096K, reserved 1048576K
Event: 5.004 GC heap after
Heap after GC invocations=9 (full 1):
 PSYoungGen      total 101888K, used 7535K [0x00000000e0000000, 0x00000000e8b00000, 0x0000000100000000)
  eden space 94208K, 0% used [0x00000000e0000000,0x00000000e0000000,0x00000000e5c00000)
  from space 7680K, 98% used [0x00000000e8380000,0x00000000e8adbe58,0x00000000e8b00000)
  to   space 10240K, 0% used [0x00000000e7700000,0x00000000e7700000,0x00000000e8100000)
 ParOldGen       total 37888K, used 10813K [0x00000000a0000000, 0x00000000a2500000, 0x00000000e0000000)
  object space 37888K, 28% used [0x00000000a0000000,0x00000000a0a8f6f0,0x00000000a2500000)
 Metaspace       used 28520K, capacity 29036K, committed 29184K, reserved 1075200K
  class space    used 3844K, capacity 4032K, committed 4096K, reserved 1048576K
}
Event: 8.079 GC heap before
{Heap before GC invocations=10 (full 1):
 PSYoungGen      total 101888K, used 101743K [0x00000000e0000000, 0x00000000e8b00000, 0x0000000100000000)
  eden space 94208K, 100% used [0x00000000e0000000,0x00000000e5c00000,0x00000000e5c00000)
  from space 7680K, 98% used [0x00000000e8380000,0x00000000e8adbe58,0x00000000e8b00000)
  to   space 10240K, 0% used [0x00000000e7700000,0x00000000e7700000,0x00000000e8100000)
 ParOldGen       total 37888K, used 10813K [0x00000000a0000000, 0x00000000a2500000, 0x00000000e0000000)
  object space 37888K, 28% used [0x00000000a0000000,0x00000000a0a8f6f0,0x00000000a2500000)
 Metaspace       used 33368K, capacity 33980K, committed 34304K, reserved 1079296K
  class space    used 4593K, capacity 4808K, committed 4864K, reserved 1048576K
Event: 8.104 GC heap after
Heap after GC invocations=10 (full 1):
 PSYoungGen      total 131584K, used 10230K [0x00000000e0000000, 0x00000000e8d80000, 0x0000000100000000)
  eden space 121344K, 0% used [0x00000000e0000000,0x00000000e0000000,0x00000000e7680000)
  from space 10240K, 99% used [0x00000000e7700000,0x00000000e80fd818,0x00000000e8100000)
  to   space 11776K, 0% used [0x00000000e8200000,0x00000000e8200000,0x00000000e8d80000)
 ParOldGen       total 37888K, used 11432K [0x00000000a0000000, 0x00000000a2500000, 0x00000000e0000000)
  object space 37888K, 30% used [0x00000000a0000000,0x00000000a0b2a0c8,0x00000000a2500000)
 Metaspace       used 33368K, capacity 33980K, committed 34304K, reserved 1079296K
  class space    used 4593K, capacity 4808K, committed 4864K, reserved 1048576K
}
Event: 9.713 GC heap before
{Heap before GC invocations=11 (full 1):
 PSYoungGen      total 131584K, used 31652K [0x00000000e0000000, 0x00000000e8d80000, 0x0000000100000000)
  eden space 121344K, 17% used [0x00000000e0000000,0x00000000e14ebbd8,0x00000000e7680000)
  from space 10240K, 99% used [0x00000000e7700000,0x00000000e80fd818,0x00000000e8100000)
  to   space 11776K, 0% used [0x00000000e8200000,0x00000000e8200000,0x00000000e8d80000)
 ParOldGen       total 37888K, used 11432K [0x00000000a0000000, 0x00000000a2500000, 0x00000000e0000000)
  object space 37888K, 30% used [0x00000000a0000000,0x00000000a0b2a0c8,0x00000000a2500000)
 Metaspace       used 34802K, capacity 35470K, committed 35496K, reserved 1079296K
  class space    used 4804K, capacity 5026K, committed 5032K, reserved 1048576K
Event: 9.733 GC heap after
Heap after GC invocations=11 (full 1):
 PSYoungGen      total 132608K, used 8853K [0x00000000e0000000, 0x00000000eb080000, 0x0000000100000000)
  eden space 120832K, 0% used [0x00000000e0000000,0x00000000e0000000,0x00000000e7600000)
  from space 11776K, 75% used [0x00000000e8200000,0x00000000e8aa5638,0x00000000e8d80000)
  to   space 12288K, 0% used [0x00000000e7600000,0x00000000e7600000,0x00000000e8200000)
 ParOldGen       total 37888K, used 11440K [0x00000000a0000000, 0x00000000a2500000, 0x00000000e0000000)
  object space 37888K, 30% used [0x00000000a0000000,0x00000000a0b2c0c8,0x00000000a2500000)
 Metaspace       used 34802K, capacity 35470K, committed 35496K, reserved 1079296K
  class space    used 4804K, capacity 5026K, committed 5032K, reserved 1048576K
}
Event: 9.733 GC heap before
{Heap before GC invocations=12 (full 2):
 PSYoungGen      total 132608K, used 8853K [0x00000000e0000000, 0x00000000eb080000, 0x0000000100000000)
  eden space 120832K, 0% used [0x00000000e0000000,0x00000000e0000000,0x00000000e7600000)
  from space 11776K, 75% used [0x00000000e8200000,0x00000000e8aa5638,0x00000000e8d80000)
  to   space 12288K, 0% used [0x00000000e7600000,0x00000000e7600000,0x00000000e8200000)
 ParOldGen       total 37888K, used 11440K [0x00000000a0000000, 0x00000000a2500000, 0x00000000e0000000)
  object space 37888K, 30% used [0x00000000a0000000,0x00000000a0b2c0c8,0x00000000a2500000)
 Metaspace       used 34802K, capacity 35470K, committed 35496K, reserved 1079296K
  class space    used 4804K, capacity 5026K, committed 5032K, reserved 1048576K
Event: 9.942 GC heap after
Heap after GC invocations=12 (full 2):
 PSYoungGen      total 132608K, used 0K [0x00000000e0000000, 0x00000000eb080000, 0x0000000100000000)
  eden space 120832K, 0% used [0x00000000e0000000,0x00000000e0000000,0x00000000e7600000)
  from space 11776K, 0% used [0x00000000e8200000,0x00000000e8200000,0x00000000e8d80000)
  to   space 12288K, 0% used [0x00000000e7600000,0x00000000e7600000,0x00000000e8200000)
 ParOldGen       total 58368K, used 15679K [0x00000000a0000000, 0x00000000a3900000, 0x00000000e0000000)
  object space 58368K, 26% used [0x00000000a0000000,0x00000000a0f4fd50,0x00000000a3900000)
 Metaspace       used 34797K, capacity 35452K, committed 35496K, reserved 1079296K
  class space    used 4802K, capacity 5023K, committed 5032K, reserved 1048576K
}

