# JRE version: OpenJDK Runtime Environment (8.0_152-b01) (build 1.8.0_152-release-1343-b01)
# Java VM: OpenJDK 64-Bit Server VM (25.152-b01 mixed mode windows-amd64 compressed oops)
Heap:
 PSYoungGen      total 135680K, used 110875K [0x00000000e0000000, 0x00000000eac80000, 0x0000000100000000)
  eden space 123904K, 89% used [0x00000000e0000000,0x00000000e6c46e10,0x00000000e7900000)
  from space 11776K, 0% used [0x00000000e8400000,0x00000000e8400000,0x00000000e8f80000)
  to   space 11264K, 0% used [0x00000000e7900000,0x00000000e7900000,0x00000000e8400000)
 ParOldGen       total 55296K, used 15607K [0x00000000a0000000, 0x00000000a3600000, 0x00000000e0000000)
  object space 55296K, 28% used [0x00000000a0000000,0x00000000a0f3df28,0x00000000a3600000)
 Metaspace       used 45206K, capacity 46180K, committed 46376K, reserved 1089536K
  class space    used 6106K, capacity 6377K, committed 6440K, reserved 1048576K
GC Heap History (10 events):
Event: 3.812 GC heap before
{Heap before GC invocations=8 (full 1):
 PSYoungGen      total 69632K, used 7156K [0x00000000e0000000, 0x00000000e8d00000, 0x0000000100000000)
  eden space 62464K, 0% used [0x00000000e0000000,0x00000000e0000000,0x00000000e3d00000)
  from space 7168K, 99% used [0x00000000e3d00000,0x00000000e43fd388,0x00000000e4400000)
  to   space 9728K, 0% used [0x00000000e8380000,0x00000000e8380000,0x00000000e8d00000)
 ParOldGen       total 42496K, used 8027K [0x00000000a0000000, 0x00000000a2980000, 0x00000000e0000000)
  object space 42496K, 18% used [0x00000000a0000000,0x00000000a07d6ed8,0x00000000a2980000)
 Metaspace       used 20666K, capacity 21118K, committed 21296K, reserved 1067008K
  class space    used 2903K, capacity 3087K, committed 3200K, reserved 1048576K
Event: 3.863 GC heap after
Heap after GC invocations=8 (full 1):
 PSYoungGen      total 69632K, used 0K [0x00000000e0000000, 0x00000000e8d00000, 0x0000000100000000)
  eden space 62464K, 0% used [0x00000000e0000000,0x00000000e0000000,0x00000000e3d00000)
  from space 7168K, 0% used [0x00000000e3d00000,0x00000000e3d00000,0x00000000e4400000)
  to   space 9728K, 0% used [0x00000000e8380000,0x00000000e8380000,0x00000000e8d00000)
 ParOldGen       total 37376K, used 10804K [0x00000000a0000000, 0x00000000a2480000, 0x00000000e0000000)
  object space 37376K, 28% used [0x00000000a0000000,0x00000000a0a8d100,0x00000000a2480000)
 Metaspace       used 20666K, capacity 21118K, committed 21296K, reserved 1067008K
  class space    used 2903K, capacity 3087K, committed 3200K, reserved 1048576K
}
Event: 5.311 GC heap before
{Heap before GC invocations=9 (full 1):
 PSYoungGen      total 69632K, used 62464K [0x00000000e0000000, 0x00000000e8d00000, 0x0000000100000000)
  eden space 62464K, 100% used [0x00000000e0000000,0x00000000e3d00000,0x00000000e3d00000)
  from space 7168K, 0% used [0x00000000e3d00000,0x00000000e3d00000,0x00000000e4400000)
  to   space 9728K, 0% used [0x00000000e8380000,0x00000000e8380000,0x00000000e8d00000)
 ParOldGen       total 37376K, used 10804K [0x00000000a0000000, 0x00000000a2480000, 0x00000000e0000000)
  object space 37376K, 28% used [0x00000000a0000000,0x00000000a0a8d100,0x00000000a2480000)
 Metaspace       used 28505K, capacity 29036K, committed 29184K, reserved 1075200K
  class space    used 3843K, capacity 4032K, committed 4096K, reserved 1048576K
Event: 5.323 GC heap after
Heap after GC invocations=9 (full 1):
 PSYoungGen      total 102912K, used 7500K [0x00000000e0000000, 0x00000000e8b00000, 0x0000000100000000)
  eden space 95232K, 0% used [0x00000000e0000000,0x00000000e0000000,0x00000000e5d00000)
  from space 7680K, 97% used [0x00000000e8380000,0x00000000e8ad3258,0x00000000e8b00000)
  to   space 10240K, 0% used [0x00000000e7700000,0x00000000e7700000,0x00000000e8100000)
 ParOldGen       total 37376K, used 10812K [0x00000000a0000000, 0x00000000a2480000, 0x00000000e0000000)
  object space 37376K, 28% used [0x00000000a0000000,0x00000000a0a8f100,0x00000000a2480000)
 Metaspace       used 28505K, capacity 29036K, committed 29184K, reserved 1075200K
  class space    used 3843K, capacity 4032K, committed 4096K, reserved 1048576K
}
Event: 8.669 GC heap before
{Heap before GC invocations=10 (full 1):
 PSYoungGen      total 102912K, used 102732K [0x00000000e0000000, 0x00000000e8b00000, 0x0000000100000000)
  eden space 95232K, 100% used [0x00000000e0000000,0x00000000e5d00000,0x00000000e5d00000)
  from space 7680K, 97% used [0x00000000e8380000,0x00000000e8ad3258,0x00000000e8b00000)
  to   space 10240K, 0% used [0x00000000e7700000,0x00000000e7700000,0x00000000e8100000)
 ParOldGen       total 37376K, used 10812K [0x00000000a0000000, 0x00000000a2480000, 0x00000000e0000000)
  object space 37376K, 28% used [0x00000000a0000000,0x00000000a0a8f100,0x00000000a2480000)
 Metaspace       used 33319K, capacity 33904K, committed 34048K, reserved 1079296K
  class space    used 4588K, capacity 4804K, committed 4864K, reserved 1048576K
Event: 8.692 GC heap after
Heap after GC invocations=10 (full 1):
 PSYoungGen      total 132096K, used 10235K [0x00000000e0000000, 0x00000000e8f80000, 0x0000000100000000)
  eden space 121856K, 0% used [0x00000000e0000000,0x00000000e0000000,0x00000000e7700000)
  from space 10240K, 99% used [0x00000000e7700000,0x00000000e80fec88,0x00000000e8100000)
  to   space 11776K, 0% used [0x00000000e8400000,0x00000000e8400000,0x00000000e8f80000)
 ParOldGen       total 37376K, used 11061K [0x00000000a0000000, 0x00000000a2480000, 0x00000000e0000000)
  object space 37376K, 29% used [0x00000000a0000000,0x00000000a0acd438,0x00000000a2480000)
 Metaspace       used 33319K, capacity 33904K, committed 34048K, reserved 1079296K
  class space    used 4588K, capacity 4804K, committed 4864K, reserved 1048576K
}
Event: 12.003 GC heap before
{Heap before GC invocations=11 (full 1):
 PSYoungGen      total 132096K, used 32316K [0x00000000e0000000, 0x00000000e8f80000, 0x0000000100000000)
  eden space 121856K, 18% used [0x00000000e0000000,0x00000000e15903f0,0x00000000e7700000)
  from space 10240K, 99% used [0x00000000e7700000,0x00000000e80fec88,0x00000000e8100000)
  to   space 11776K, 0% used [0x00000000e8400000,0x00000000e8400000,0x00000000e8f80000)
 ParOldGen       total 37376K, used 11061K [0x00000000a0000000, 0x00000000a2480000, 0x00000000e0000000)
  object space 37376K, 29% used [0x00000000a0000000,0x00000000a0acd438,0x00000000a2480000)
 Metaspace       used 34780K, capacity 35438K, committed 35496K, reserved 1079296K
  class space    used 4803K, capacity 4994K, committed 5032K, reserved 1048576K
Event: 12.014 GC heap after
Heap after GC invocations=11 (full 1):
 PSYoungGen      total 135680K, used 5720K [0x00000000e0000000, 0x00000000eac80000, 0x0000000100000000)
  eden space 123904K, 0% used [0x00000000e0000000,0x00000000e0000000,0x00000000e7900000)
  from space 11776K, 48% used [0x00000000e8400000,0x00000000e8996220,0x00000000e8f80000)
  to   space 11264K, 0% used [0x00000000e7900000,0x00000000e7900000,0x00000000e8400000)
 ParOldGen       total 37376K, used 14153K [0x00000000a0000000, 0x00000000a2480000, 0x00000000e0000000)
  object space 37376K, 37% used [0x00000000a0000000,0x00000000a0dd2458,0x00000000a2480000)
 Metaspace       used 34780K, capacity 35438K, committed 35496K, reserved 1079296K
  class space    used 4803K, capacity 4994K, committed 5032K, reserved 1048576K
}
Event: 12.014 GC heap before
{Heap before GC invocations=12 (full 2):
 PSYoungGen      total 135680K, used 5720K [0x00000000e0000000, 0x00000000eac80000, 0x0000000100000000)
  eden space 123904K, 0% used [0x00000000e0000000,0x00000000e0000000,0x00000000e7900000)
  from space 11776K, 48% used [0x00000000e8400000,0x00000000e8996220,0x00000000e8f80000)
  to   space 11264K, 0% used [0x00000000e7900000,0x00000000e7900000,0x00000000e8400000)
 ParOldGen       total 37376K, used 14153K [0x00000000a0000000, 0x00000000a2480000, 0x00000000e0000000)
  object space 37376K, 37% used [0x00000000a0000000,0x00000000a0dd2458,0x00000000a2480000)
 Metaspace       used 34780K, capacity 35438K, committed 35496K, reserved 1079296K
  class space    used 4803K, capacity 4994K, committed 5032K, reserved 1048576K
Event: 12.113 GC heap after
Heap after GC invocations=12 (full 2):
 PSYoungGen      total 135680K, used 0K [0x00000000e0000000, 0x00000000eac80000, 0x0000000100000000)
  eden space 123904K, 0% used [0x00000000e0000000,0x00000000e0000000,0x00000000e7900000)
  from space 11776K, 0% used [0x00000000e8400000,0x00000000e8400000,0x00000000e8f80000)
  to   space 11264K, 0% used [0x00000000e7900000,0x00000000e7900000,0x00000000e8400000)
 ParOldGen       total 55296K, used 15607K [0x00000000a0000000, 0x00000000a3600000, 0x00000000e0000000)
  object space 55296K, 28% used [0x00000000a0000000,0x00000000a0f3df28,0x00000000a3600000)
 Metaspace       used 34774K, capacity 35420K, committed 35496K, reserved 1079296K
  class space    used 4801K, capacity 4991K, committed 5032K, reserved 1048576K
}

