# JRE version: OpenJDK Runtime Environment (8.0_152-b01) (build 1.8.0_152-release-1343-b01)
# Java VM: OpenJDK 64-Bit Server VM (25.152-b01 mixed mode windows-amd64 compressed oops)
Heap:
 PSYoungGen      total 138240K, used 5094K [0x00000000e0000000, 0x00000000e9780000, 0x0000000100000000)
  eden space 129536K, 3% used [0x00000000e0000000,0x00000000e04f9b08,0x00000000e7e80000)
  from space 8704K, 0% used [0x00000000e8700000,0x00000000e8700000,0x00000000e8f80000)
  to   space 8704K, 0% used [0x00000000e7e80000,0x00000000e7e80000,0x00000000e8700000)
 ParOldGen       total 49664K, used 32948K [0x00000000a0000000, 0x00000000a3080000, 0x00000000e0000000)
  object space 49664K, 66% used [0x00000000a0000000,0x00000000a202d3b0,0x00000000a3080000)
 Metaspace       used 57884K, capacity 59362K, committed 59416K, reserved 1099776K
  class space    used 7850K, capacity 8202K, committed 8232K, reserved 1048576K
GC Heap History (10 events):
Event: 16.444 GC heap before
{Heap before GC invocations=13 (full 1):
 PSYoungGen      total 107008K, used 32183K [0x00000000e0000000, 0x00000000e8f80000, 0x0000000100000000)
  eden space 98816K, 25% used [0x00000000e0000000,0x00000000e186aa38,0x00000000e6080000)
  from space 8192K, 87% used [0x00000000e6080000,0x00000000e6783458,0x00000000e6880000)
  to   space 8704K, 0% used [0x00000000e8700000,0x00000000e8700000,0x00000000e8f80000)
 ParOldGen       total 30720K, used 11774K [0x00000000a0000000, 0x00000000a1e00000, 0x00000000e0000000)
  object space 30720K, 38% used [0x00000000a0000000,0x00000000a0b7fa18,0x00000000a1e00000)
 Metaspace       used 34803K, capacity 35440K, committed 35496K, reserved 1079296K
  class space    used 4805K, capacity 4995K, committed 5032K, reserved 1048576K
Event: 16.453 GC heap after
Heap after GC invocations=13 (full 1):
 PSYoungGen      total 138240K, used 3131K [0x00000000e0000000, 0x00000000e9780000, 0x0000000100000000)
  eden space 129536K, 0% used [0x00000000e0000000,0x00000000e0000000,0x00000000e7e80000)
  from space 8704K, 35% used [0x00000000e8700000,0x00000000e8a0ef60,0x00000000e8f80000)
  to   space 8704K, 0% used [0x00000000e7e80000,0x00000000e7e80000,0x00000000e8700000)
 ParOldGen       total 30720K, used 14339K [0x00000000a0000000, 0x00000000a1e00000, 0x00000000e0000000)
  object space 30720K, 46% used [0x00000000a0000000,0x00000000a0e00d70,0x00000000a1e00000)
 Metaspace       used 34803K, capacity 35440K, committed 35496K, reserved 1079296K
  class space    used 4805K, capacity 4995K, committed 5032K, reserved 1048576K
}
Event: 16.453 GC heap before
{Heap before GC invocations=14 (full 2):
 PSYoungGen      total 138240K, used 3131K [0x00000000e0000000, 0x00000000e9780000, 0x0000000100000000)
  eden space 129536K, 0% used [0x00000000e0000000,0x00000000e0000000,0x00000000e7e80000)
  from space 8704K, 35% used [0x00000000e8700000,0x00000000e8a0ef60,0x00000000e8f80000)
  to   space 8704K, 0% used [0x00000000e7e80000,0x00000000e7e80000,0x00000000e8700000)
 ParOldGen       total 30720K, used 14339K [0x00000000a0000000, 0x00000000a1e00000, 0x00000000e0000000)
  object space 30720K, 46% used [0x00000000a0000000,0x00000000a0e00d70,0x00000000a1e00000)
 Metaspace       used 34803K, capacity 35440K, committed 35496K, reserved 1079296K
  class space    used 4805K, capacity 4995K, committed 5032K, reserved 1048576K
Event: 16.564 GC heap after
Heap after GC invocations=14 (full 2):
 PSYoungGen      total 138240K, used 0K [0x00000000e0000000, 0x00000000e9780000, 0x0000000100000000)
  eden space 129536K, 0% used [0x00000000e0000000,0x00000000e0000000,0x00000000e7e80000)
  from space 8704K, 0% used [0x00000000e8700000,0x00000000e8700000,0x00000000e8f80000)
  to   space 8704K, 0% used [0x00000000e7e80000,0x00000000e7e80000,0x00000000e8700000)
 ParOldGen       total 49664K, used 15636K [0x00000000a0000000, 0x00000000a3080000, 0x00000000e0000000)
  object space 49664K, 31% used [0x00000000a0000000,0x00000000a0f45070,0x00000000a3080000)
 Metaspace       used 34797K, capacity 35422K, committed 35496K, reserved 1079296K
  class space    used 4803K, capacity 4992K, committed 5032K, reserved 1048576K
}
Event: 22.541 GC heap before
{Heap before GC invocations=15 (full 2):
 PSYoungGen      total 138240K, used 129536K [0x00000000e0000000, 0x00000000e9780000, 0x0000000100000000)
  eden space 129536K, 100% used [0x00000000e0000000,0x00000000e7e80000,0x00000000e7e80000)
  from space 8704K, 0% used [0x00000000e8700000,0x00000000e8700000,0x00000000e8f80000)
  to   space 8704K, 0% used [0x00000000e7e80000,0x00000000e7e80000,0x00000000e8700000)
 ParOldGen       total 49664K, used 15636K [0x00000000a0000000, 0x00000000a3080000, 0x00000000e0000000)
  object space 49664K, 31% used [0x00000000a0000000,0x00000000a0f45070,0x00000000a3080000)
 Metaspace       used 46855K, capacity 47858K, committed 48168K, reserved 1091584K
  class space    used 6365K, capacity 6646K, committed 6696K, reserved 1048576K
Event: 22.659 GC heap after
Heap after GC invocations=15 (full 2):
 PSYoungGen      total 138240K, used 8688K [0x00000000e0000000, 0x00000000e9780000, 0x0000000100000000)
  eden space 129536K, 0% used [0x00000000e0000000,0x00000000e0000000,0x00000000e7e80000)
  from space 8704K, 99% used [0x00000000e7e80000,0x00000000e86fc130,0x00000000e8700000)
  to   space 8704K, 0% used [0x00000000e8700000,0x00000000e8700000,0x00000000e8f80000)
 ParOldGen       total 49664K, used 23123K [0x00000000a0000000, 0x00000000a3080000, 0x00000000e0000000)
  object space 49664K, 46% used [0x00000000a0000000,0x00000000a1694e68,0x00000000a3080000)
 Metaspace       used 46855K, capacity 47858K, committed 48168K, reserved 1091584K
  class space    used 6365K, capacity 6646K, committed 6696K, reserved 1048576K
}
Event: 27.709 GC heap before
{Heap before GC invocations=16 (full 2):
 PSYoungGen      total 138240K, used 114528K [0x00000000e0000000, 0x00000000e9780000, 0x0000000100000000)
  eden space 129536K, 81% used [0x00000000e0000000,0x00000000e675bfe0,0x00000000e7e80000)
  from space 8704K, 99% used [0x00000000e7e80000,0x00000000e86fc130,0x00000000e8700000)
  to   space 8704K, 0% used [0x00000000e8700000,0x00000000e8700000,0x00000000e8f80000)
 ParOldGen       total 49664K, used 23123K [0x00000000a0000000, 0x00000000a3080000, 0x00000000e0000000)
  object space 49664K, 46% used [0x00000000a0000000,0x00000000a1694e68,0x00000000a3080000)
 Metaspace       used 57525K, capacity 59004K, committed 59160K, reserved 1099776K
  class space    used 7775K, capacity 8129K, committed 8232K, reserved 1048576K
Event: 27.784 GC heap after
Heap after GC invocations=16 (full 2):
 PSYoungGen      total 138240K, used 8676K [0x00000000e0000000, 0x00000000e9780000, 0x0000000100000000)
  eden space 129536K, 0% used [0x00000000e0000000,0x00000000e0000000,0x00000000e7e80000)
  from space 8704K, 99% used [0x00000000e8700000,0x00000000e8f791b8,0x00000000e8f80000)
  to   space 8704K, 0% used [0x00000000e7e80000,0x00000000e7e80000,0x00000000e8700000)
 ParOldGen       total 49664K, used 33773K [0x00000000a0000000, 0x00000000a3080000, 0x00000000e0000000)
  object space 49664K, 68% used [0x00000000a0000000,0x00000000a20fb560,0x00000000a3080000)
 Metaspace       used 57525K, capacity 59004K, committed 59160K, reserved 1099776K
  class space    used 7775K, capacity 8129K, committed 8232K, reserved 1048576K
}
Event: 27.784 GC heap before
{Heap before GC invocations=17 (full 3):
 PSYoungGen      total 138240K, used 8676K [0x00000000e0000000, 0x00000000e9780000, 0x0000000100000000)
  eden space 129536K, 0% used [0x00000000e0000000,0x00000000e0000000,0x00000000e7e80000)
  from space 8704K, 99% used [0x00000000e8700000,0x00000000e8f791b8,0x00000000e8f80000)
  to   space 8704K, 0% used [0x00000000e7e80000,0x00000000e7e80000,0x00000000e8700000)
 ParOldGen       total 49664K, used 33773K [0x00000000a0000000, 0x00000000a3080000, 0x00000000e0000000)
  object space 49664K, 68% used [0x00000000a0000000,0x00000000a20fb560,0x00000000a3080000)
 Metaspace       used 57525K, capacity 59004K, committed 59160K, reserved 1099776K
  class space    used 7775K, capacity 8129K, committed 8232K, reserved 1048576K
Event: 28.172 GC heap after
Heap after GC invocations=17 (full 3):
 PSYoungGen      total 138240K, used 0K [0x00000000e0000000, 0x00000000e9780000, 0x0000000100000000)
  eden space 129536K, 0% used [0x00000000e0000000,0x00000000e0000000,0x00000000e7e80000)
  from space 8704K, 0% used [0x00000000e8700000,0x00000000e8700000,0x00000000e8f80000)
  to   space 8704K, 0% used [0x00000000e7e80000,0x00000000e7e80000,0x00000000e8700000)
 ParOldGen       total 49664K, used 32948K [0x00000000a0000000, 0x00000000a3080000, 0x00000000e0000000)
  object space 49664K, 66% used [0x00000000a0000000,0x00000000a202d3b0,0x00000000a3080000)
 Metaspace       used 57525K, capacity 59004K, committed 59160K, reserved 1099776K
  class space    used 7775K, capacity 8129K, committed 8232K, reserved 1048576K
}

